<?xml version="1.0" encoding="UTF-8"?>
<testsuite name="CryptoApplicationTests" tests="2" skipped="0" failures="0" errors="0" timestamp="2021-11-12T19:45:51" hostname="DESKTOP-CSHM88O" time="0.967">
  <properties/>
  <testcase name="verifyOutgoingStreamBackpressure()" classname="CryptoApplicationTests" time="0.853"/>
  <testcase name="verifyIncomingMessageValidation()" classname="CryptoApplicationTests" time="0.113"/>
  <system-out><![CDATA[21:45:51,306 |-INFO in ch.qos.logback.classic.LoggerContext[default] - Could NOT find resource [logback-test.xml]
21:45:51,308 |-INFO in ch.qos.logback.classic.LoggerContext[default] - Could NOT find resource [logback.groovy]
21:45:51,308 |-INFO in ch.qos.logback.classic.LoggerContext[default] - Found resource [logback.xml] at [file:/D:/KPI/TPRO/Labs/Reactive%20Programming%20Course/Reactive%20In%20Action/Crypto%20Tracker/application/build/resources/test/logback.xml]
21:45:51,310 |-WARN in ch.qos.logback.classic.LoggerContext[default] - Resource [logback.xml] occurs multiple times on the classpath.
21:45:51,310 |-WARN in ch.qos.logback.classic.LoggerContext[default] - Resource [logback.xml] occurs at [file:/D:/KPI/TPRO/Labs/Reactive%20Programming%20Course/Reactive%20In%20Action/Crypto%20Tracker/application/build/resources/test/logback.xml]
21:45:51,310 |-WARN in ch.qos.logback.classic.LoggerContext[default] - Resource [logback.xml] occurs at [file:/D:/KPI/TPRO/Labs/Reactive%20Programming%20Course/Reactive%20In%20Action/Crypto%20Tracker/application/build/resources/main/logback.xml]
21:45:51,448 |-INFO in ch.qos.logback.classic.joran.action.ConfigurationAction - debug attribute not set
21:45:51,448 |-INFO in ch.qos.logback.core.joran.action.AppenderAction - About to instantiate appender of type [ch.qos.logback.core.ConsoleAppender]
21:45:51,464 |-INFO in ch.qos.logback.core.joran.action.AppenderAction - Naming appender as [STDOUT]
21:45:51,478 |-INFO in ch.qos.logback.core.joran.action.NestedComplexPropertyIA - Assuming default type [ch.qos.logback.classic.encoder.PatternLayoutEncoder] for [encoder] property
21:45:51,507 |-INFO in ch.qos.logback.classic.joran.action.RootLoggerAction - Setting level of ROOT logger to WARN
21:45:51,507 |-INFO in ch.qos.logback.core.joran.action.AppenderRefAction - Attaching appender named [STDOUT] to Logger[ROOT]
21:45:51,507 |-INFO in ch.qos.logback.classic.joran.action.ConfigurationAction - End of configuration.
21:45:51,507 |-INFO in ch.qos.logback.classic.joran.JoranConfigurator@a3527cb - Registering current configuration as safe fallback point

]]></system-out>
  <system-err><![CDATA[]]></system-err>
</testsuite>
